# JRE version: OpenJDK Runtime Environment Temurin-17.0.11+9 (17.0.11+9) (build 17.0.11+9)
# Java VM: OpenJDK 64-Bit Server VM Temurin-17.0.11+9 (17.0.11+9, mixed mode, tiered, compressed oops, compressed class ptrs, g1 gc, windows-amd64)
GC Precious Log:
 CPUs: 8 total, 8 available
 Memory: 8029M
 Large Page Support: Disabled
 NUMA Support: Disabled
 Compressed Oops: Enabled (32-bit)
 Heap Region Size: 1M
 Heap Min Capacity: 8M
 Heap Initial Capacity: 126M
 Heap Max Capacity: 2008M
 Pre-touch: Disabled
 Parallel Workers: 8
 Concurrent Workers: 2
 Concurrent Refinement Workers: 8
 Periodic GC: Disabled
Heap:
 garbage-first heap   total 61440K, used 37628K [0x0000000082800000, 0x0000000100000000)
  region size 1024K, 15 young (15360K), 4 survivors (4096K)
 Metaspace       used 70228K, committed 70784K, reserved 1114112K
  class space    used 9148K, committed 9408K, reserved 1048576K
GC Heap History (20 events):
Event: 2.636 GC heap before
{Heap before GC invocations=6 (full 0):
 garbage-first heap   total 37888K, used 26754K [0x0000000082800000, 0x0000000100000000)
  region size 1024K, 17 young (17408K), 2 survivors (2048K)
 Metaspace       used 29579K, committed 29824K, reserved 1114112K
  class space    used 3328K, committed 3456K, reserved 1048576K
}
Event: 2.638 GC heap after
{Heap after GC invocations=7 (full 0):
 garbage-first heap   total 37888K, used 13561K [0x0000000082800000, 0x0000000100000000)
  region size 1024K, 3 young (3072K), 3 survivors (3072K)
 Metaspace       used 29579K, committed 29824K, reserved 1114112K
  class space    used 3328K, committed 3456K, reserved 1048576K
}
Event: 3.032 GC heap before
{Heap before GC invocations=7 (full 0):
 garbage-first heap   total 37888K, used 27897K [0x0000000082800000, 0x0000000100000000)
  region size 1024K, 17 young (17408K), 3 survivors (3072K)
 Metaspace       used 31961K, committed 32320K, reserved 1114112K
  class space    used 3671K, committed 3840K, reserved 1048576K
}
Event: 3.035 GC heap after
{Heap after GC invocations=8 (full 0):
 garbage-first heap   total 37888K, used 14985K [0x0000000082800000, 0x0000000100000000)
  region size 1024K, 3 young (3072K), 3 survivors (3072K)
 Metaspace       used 31961K, committed 32320K, reserved 1114112K
  class space    used 3671K, committed 3840K, reserved 1048576K
}
Event: 3.382 GC heap before
{Heap before GC invocations=8 (full 0):
 garbage-first heap   total 37888K, used 28297K [0x0000000082800000, 0x0000000100000000)
  region size 1024K, 16 young (16384K), 3 survivors (3072K)
 Metaspace       used 34340K, committed 34816K, reserved 1114112K
  class space    used 4056K, committed 4288K, reserved 1048576K
}
Event: 3.386 GC heap after
{Heap after GC invocations=9 (full 0):
 garbage-first heap   total 37888K, used 16468K [0x0000000082800000, 0x0000000100000000)
  region size 1024K, 2 young (2048K), 2 survivors (2048K)
 Metaspace       used 34340K, committed 34816K, reserved 1114112K
  class space    used 4056K, committed 4288K, reserved 1048576K
}
Event: 3.557 GC heap before
{Heap before GC invocations=9 (full 0):
 garbage-first heap   total 37888K, used 19540K [0x0000000082800000, 0x0000000100000000)
  region size 1024K, 7 young (7168K), 2 survivors (2048K)
 Metaspace       used 35771K, committed 36096K, reserved 1114112K
  class space    used 4210K, committed 4352K, reserved 1048576K
}
Event: 3.559 GC heap after
{Heap after GC invocations=10 (full 0):
 garbage-first heap   total 61440K, used 16945K [0x0000000082800000, 0x0000000100000000)
  region size 1024K, 1 young (1024K), 1 survivors (1024K)
 Metaspace       used 35771K, committed 36096K, reserved 1114112K
  class space    used 4210K, committed 4352K, reserved 1048576K
}
Event: 4.226 GC heap before
{Heap before GC invocations=11 (full 0):
 garbage-first heap   total 61440K, used 44593K [0x0000000082800000, 0x0000000100000000)
  region size 1024K, 28 young (28672K), 1 survivors (1024K)
 Metaspace       used 40185K, committed 40640K, reserved 1114112K
  class space    used 4780K, committed 4992K, reserved 1048576K
}
Event: 4.229 GC heap after
{Heap after GC invocations=12 (full 0):
 garbage-first heap   total 61440K, used 18355K [0x0000000082800000, 0x0000000100000000)
  region size 1024K, 2 young (2048K), 2 survivors (2048K)
 Metaspace       used 40185K, committed 40640K, reserved 1114112K
  class space    used 4780K, committed 4992K, reserved 1048576K
}
Event: 5.000 GC heap before
{Heap before GC invocations=12 (full 0):
 garbage-first heap   total 61440K, used 46003K [0x0000000082800000, 0x0000000100000000)
  region size 1024K, 29 young (29696K), 2 survivors (2048K)
 Metaspace       used 47875K, committed 48320K, reserved 1114112K
  class space    used 5901K, committed 6144K, reserved 1048576K
}
Event: 5.003 GC heap after
{Heap after GC invocations=13 (full 0):
 garbage-first heap   total 61440K, used 20331K [0x0000000082800000, 0x0000000100000000)
  region size 1024K, 4 young (4096K), 4 survivors (4096K)
 Metaspace       used 47875K, committed 48320K, reserved 1114112K
  class space    used 5901K, committed 6144K, reserved 1048576K
}
Event: 5.541 GC heap before
{Heap before GC invocations=13 (full 0):
 garbage-first heap   total 61440K, used 45931K [0x0000000082800000, 0x0000000100000000)
  region size 1024K, 30 young (30720K), 4 survivors (4096K)
 Metaspace       used 54896K, committed 55424K, reserved 1114112K
  class space    used 6814K, committed 7040K, reserved 1048576K
}
Event: 5.545 GC heap after
{Heap after GC invocations=14 (full 0):
 garbage-first heap   total 61440K, used 22334K [0x0000000082800000, 0x0000000100000000)
  region size 1024K, 4 young (4096K), 4 survivors (4096K)
 Metaspace       used 54896K, committed 55424K, reserved 1114112K
  class space    used 6814K, committed 7040K, reserved 1048576K
}
Event: 5.903 GC heap before
{Heap before GC invocations=14 (full 0):
 garbage-first heap   total 61440K, used 36670K [0x0000000082800000, 0x0000000100000000)
  region size 1024K, 20 young (20480K), 4 survivors (4096K)
 Metaspace       used 60083K, committed 60480K, reserved 1114112K
  class space    used 7698K, committed 7872K, reserved 1048576K
}
Event: 5.906 GC heap after
{Heap after GC invocations=15 (full 0):
 garbage-first heap   total 61440K, used 23210K [0x0000000082800000, 0x0000000100000000)
  region size 1024K, 3 young (3072K), 3 survivors (3072K)
 Metaspace       used 60083K, committed 60480K, reserved 1114112K
  class space    used 7698K, committed 7872K, reserved 1048576K
}
Event: 6.497 GC heap before
{Heap before GC invocations=16 (full 0):
 garbage-first heap   total 61440K, used 47786K [0x0000000082800000, 0x0000000100000000)
  region size 1024K, 28 young (28672K), 3 survivors (3072K)
 Metaspace       used 65842K, committed 66368K, reserved 1114112K
  class space    used 8535K, committed 8768K, reserved 1048576K
}
Event: 6.501 GC heap after
{Heap after GC invocations=17 (full 0):
 garbage-first heap   total 61440K, used 24905K [0x0000000082800000, 0x0000000100000000)
  region size 1024K, 3 young (3072K), 3 survivors (3072K)
 Metaspace       used 65842K, committed 66368K, reserved 1114112K
  class space    used 8535K, committed 8768K, reserved 1048576K
}
Event: 7.116 GC heap before
{Heap before GC invocations=17 (full 0):
 garbage-first heap   total 61440K, used 48457K [0x0000000082800000, 0x0000000100000000)
  region size 1024K, 26 young (26624K), 3 survivors (3072K)
 Metaspace       used 68796K, committed 69376K, reserved 1114112K
  class space    used 8957K, committed 9216K, reserved 1048576K
}
Event: 7.121 GC heap after
{Heap after GC invocations=18 (full 0):
 garbage-first heap   total 61440K, used 27388K [0x0000000082800000, 0x0000000100000000)
  region size 1024K, 4 young (4096K), 4 survivors (4096K)
 Metaspace       used 68796K, committed 69376K, reserved 1114112K
  class space    used 8957K, committed 9216K, reserved 1048576K
}

